This file contains any messages produced by compilers while
running configure, to aid debugging if configure makes a mistake.

It was created by RandomFields configure 3.5, which was
generated by GNU Autoconf 2.69.  Invocation command line was

  $ ./configure 

## --------- ##
## Platform. ##
## --------- ##

hostname = afreuden-OMEN-by-HP-Laptop-17-cb1xxx
uname -m = x86_64
uname -r = 5.4.0-58-generic
uname -s = Linux
uname -v = #64-Ubuntu SMP Wed Dec 9 08:16:25 UTC 2020

/usr/bin/uname -p = x86_64
/bin/uname -X     = unknown

/bin/arch              = x86_64
/usr/bin/arch -k       = unknown
/usr/convex/getsysinfo = unknown
/usr/bin/hostinfo      = unknown
/bin/machine           = unknown
/usr/bin/oslevel       = unknown
/bin/universe          = unknown

PATH: /home/afreuden/.local/bin
PATH: /home/afreuden/bin
PATH: /home/afreuden/.local/bin
PATH: /home/afreuden/bin
PATH: /home/afreuden/.local/bin
PATH: /home/afreuden/bin
PATH: /home/afreuden/.local/bin
PATH: /home/afreuden/bin
PATH: /home/afreuden/.local/bin
PATH: /home/afreuden/bin
PATH: /home/afreuden/.local/bin
PATH: /home/afreuden/bin
PATH: /home/afreuden/.local/bin
PATH: /home/afreuden/bin
PATH: /home/afreuden/.local/bin
PATH: /home/afreuden/bin
PATH: /home/afreuden/.local/bin
PATH: /home/afreuden/bin
PATH: /home/afreuden/.local/bin
PATH: /home/afreuden/bin
PATH: /home/afreuden/.local/bin
PATH: /home/afreuden/bin
PATH: /home/afreuden/.local/bin
PATH: /home/afreuden/bin
PATH: /home/afreuden/.local/bin
PATH: /home/afreuden/bin
PATH: /home/afreuden/.local/bin
PATH: /home/afreuden/bin
PATH: /home/afreuden/.local/bin
PATH: /home/afreuden/bin
PATH: /home/afreuden/.local/bin
PATH: /home/afreuden/bin
PATH: /home/afreuden/.local/bin
PATH: /home/afreuden/bin
PATH: /home/afreuden/.local/bin
PATH: /home/afreuden/bin
PATH: /home/afreuden/.local/bin
PATH: /home/afreuden/bin
PATH: /home/afreuden/.local/bin
PATH: /home/afreuden/bin
PATH: /home/afreuden/.local/bin
PATH: /home/afreuden/bin
PATH: /home/afreuden/.local/bin
PATH: /home/afreuden/bin
PATH: /home/afreuden/bin
PATH: /home/afreuden/bin
PATH: /usr/local/sbin
PATH: /usr/local/bin
PATH: /usr/sbin
PATH: /usr/bin
PATH: /sbin
PATH: /bin
PATH: /usr/games
PATH: /usr/local/games
PATH: /snap/bin
PATH: /usr/lib/rstudio/bin/postback
PATH: /usr/bin
PATH: /usr/bin
PATH: /usr/bin
PATH: /usr/bin
PATH: /usr/bin
PATH: /usr/bin
PATH: /usr/bin
PATH: /usr/bin
PATH: /usr/bin
PATH: /usr/bin
PATH: /usr/bin
PATH: /usr/bin
PATH: /usr/bin
PATH: /usr/bin
PATH: /usr/bin
PATH: /usr/bin
PATH: /usr/bin
PATH: /usr/bin
PATH: /usr/bin
PATH: /usr/bin
PATH: /usr/bin
PATH: /usr/bin
PATH: /usr/bin
PATH: /usr/bin
PATH: /usr/bin
PATH: /usr/bin
PATH: /usr/bin


## ----------- ##
## Core tests. ##
## ----------- ##

configure:1853: checking for C++ compiler version
configure:1862: g++ -std=gnu++11 --version >&5
g++ (Ubuntu 9.3.0-17ubuntu1~20.04) 9.3.0
Copyright (C) 2019 Free Software Foundation, Inc.
This is free software; see the source for copying conditions.  There is NO
warranty; not even for MERCHANTABILITY or FITNESS FOR A PARTICULAR PURPOSE.

configure:1873: $? = 0
configure:1862: g++ -std=gnu++11 -v >&5
Using built-in specs.
COLLECT_GCC=g++
COLLECT_LTO_WRAPPER=/usr/lib/gcc/x86_64-linux-gnu/9/lto-wrapper
OFFLOAD_TARGET_NAMES=nvptx-none:hsa
OFFLOAD_TARGET_DEFAULT=1
Target: x86_64-linux-gnu
Configured with: ../src/configure -v --with-pkgversion='Ubuntu 9.3.0-17ubuntu1~20.04' --with-bugurl=file:///usr/share/doc/gcc-9/README.Bugs --enable-languages=c,ada,c++,go,brig,d,fortran,objc,obj-c++,gm2 --prefix=/usr --with-gcc-major-version-only --program-suffix=-9 --program-prefix=x86_64-linux-gnu- --enable-shared --enable-linker-build-id --libexecdir=/usr/lib --without-included-gettext --enable-threads=posix --libdir=/usr/lib --enable-nls --enable-clocale=gnu --enable-libstdcxx-debug --enable-libstdcxx-time=yes --with-default-libstdcxx-abi=new --enable-gnu-unique-object --disable-vtable-verify --enable-plugin --enable-default-pie --with-system-zlib --with-target-system-zlib=auto --enable-objc-gc=auto --enable-multiarch --disable-werror --with-arch-32=i686 --with-abi=m64 --with-multilib-list=m32,m64,mx32 --enable-multilib --with-tune=generic --enable-offload-targets=nvptx-none=/build/gcc-9-HskZEa/gcc-9-9.3.0/debian/tmp-nvptx/usr,hsa --without-cuda-driver --enable-checking=release --build=x86_64-linux-gnu --host=x86_64-linux-gnu --target=x86_64-linux-gnu
Thread model: posix
gcc version 9.3.0 (Ubuntu 9.3.0-17ubuntu1~20.04) 
configure:1873: $? = 0
configure:1862: g++ -std=gnu++11 -V >&5
g++: error: unrecognized command line option '-V'
g++: fatal error: no input files
compilation terminated.
configure:1873: $? = 1
configure:1862: g++ -std=gnu++11 -qversion >&5
g++: error: unrecognized command line option '-qversion'; did you mean '--version'?
g++: fatal error: no input files
compilation terminated.
configure:1873: $? = 1
configure:1893: checking whether the C++ compiler works
configure:1915: g++ -std=gnu++11    conftest.cpp  >&5
configure:1919: $? = 0
configure:1967: result: yes
configure:1970: checking for C++ compiler default output file name
configure:1972: result: a.out
configure:1978: checking for suffix of executables
configure:1985: g++ -std=gnu++11 -o conftest    conftest.cpp  >&5
configure:1989: $? = 0
configure:2011: result: 
configure:2033: checking whether we are cross compiling
configure:2041: g++ -std=gnu++11 -o conftest    conftest.cpp  >&5
configure:2045: $? = 0
configure:2052: ./conftest
configure:2056: $? = 0
configure:2044: result: no
configure:2049: checking for suffix of object files
configure:2071: g++ -std=gnu++11 -c   conftest.cpp >&5
configure:2075: $? = 0
configure:2096: result: o
configure:2100: checking whether we are using the GNU C++ compiler
configure:2119: g++ -std=gnu++11 -c   conftest.cpp >&5
configure:2119: $? = 0
configure:2128: result: yes
configure:2137: checking whether g++ -std=gnu++11 accepts -g
configure:2157: g++ -std=gnu++11 -c -g  conftest.cpp >&5
configure:2157: $? = 0
configure:2198: result: yes
configure:2232: checking for lscpu
configure:2248: found /usr/bin/lscpu
configure:2260: result: yes
configure:2317: checking which SIMD flags can be recognized
configure:2337: g++ -std=gnu++11 -c -g -O2  conftest.cpp >&5
configure:2337: $? = 0
configure:2337: g++ -std=gnu++11 -c -g -O2  conftest.cpp >&5
configure:2337: $? = 0
configure:2337: g++ -std=gnu++11 -c -g -O2  conftest.cpp >&5
configure:2337: $? = 0
configure:2349: result:  -msse2 -mssse3 -mavx2
configure:2505: creating ./config.status

## ---------------------- ##
## Running config.status. ##
## ---------------------- ##

This file was extended by RandomFields config.status 3.5, which was
generated by GNU Autoconf 2.69.  Invocation command line was

  CONFIG_FILES    = 
  CONFIG_HEADERS  = 
  CONFIG_LINKS    = 
  CONFIG_COMMANDS = 
  $ ./config.status 

on afreuden-OMEN-by-HP-Laptop-17-cb1xxx

config.status:720: creating src/Makevars

## ---------------- ##
## Cache variables. ##
## ---------------- ##

ac_cv_cxx_compiler_gnu=yes
ac_cv_env_CCC_set=
ac_cv_env_CCC_value=
ac_cv_env_CPPFLAGS_set=
ac_cv_env_CPPFLAGS_value=
ac_cv_env_CXXFLAGS_set=
ac_cv_env_CXXFLAGS_value=
ac_cv_env_CXX_set=
ac_cv_env_CXX_value=
ac_cv_env_LDFLAGS_set=
ac_cv_env_LDFLAGS_value=
ac_cv_env_LIBS_set=
ac_cv_env_LIBS_value=
ac_cv_env_build_alias_set=
ac_cv_env_build_alias_value=
ac_cv_env_host_alias_set=
ac_cv_env_host_alias_value=
ac_cv_env_target_alias_set=
ac_cv_env_target_alias_value=
ac_cv_objext=o
ac_cv_prog_LSCPU=yes
ac_cv_prog_cxx_g=yes

## ----------------- ##
## Output variables. ##
## ----------------- ##

CPPFLAGS=''
CXX='g++ -std=gnu++11'
CXXFLAGS='-g -O2'
DEFS='-DPACKAGE_NAME=\"RandomFields\" -DPACKAGE_TARNAME=\"randomfields\" -DPACKAGE_VERSION=\"3.5\" -DPACKAGE_STRING=\"RandomFields\ 3.5\" -DPACKAGE_BUGREPORT=\"\" -DPACKAGE_URL=\"\"'
ECHO_C=''
ECHO_N='-n'
ECHO_T=''
EXEEXT=''
LDFLAGS=''
LIBOBJS=''
LIBS=''
LSCPU='yes'
LTLIBOBJS=''
OBJEXT='o'
PACKAGE_BUGREPORT=''
PACKAGE_NAME='RandomFields'
PACKAGE_STRING='RandomFields 3.5'
PACKAGE_TARNAME='randomfields'
PACKAGE_URL=''
PACKAGE_VERSION='3.5'
PATH_SEPARATOR=':'
RANDOMFIELDS_CXXFLAGS='  -msse2 -mssse3 -mavx2'
RANDOMFIELDS_LIBFLAGS=''
SHELL='/bin/bash'
SYSCTL=''
ac_ct_CXX=''
bindir='${exec_prefix}/bin'
build_alias=''
datadir='${datarootdir}'
datarootdir='${prefix}/share'
docdir='${datarootdir}/doc/${PACKAGE_TARNAME}'
dvidir='${docdir}'
exec_prefix='${prefix}'
host_alias=''
htmldir='${docdir}'
includedir='${prefix}/include'
infodir='${datarootdir}/info'
libdir='${exec_prefix}/lib'
libexecdir='${exec_prefix}/libexec'
localedir='${datarootdir}/locale'
localstatedir='${prefix}/var'
mandir='${datarootdir}/man'
oldincludedir='/usr/include'
pdfdir='${docdir}'
prefix='/usr/local'
program_transform_name='s,x,x,'
psdir='${docdir}'
runstatedir='${localstatedir}/run'
sbindir='${exec_prefix}/sbin'
sharedstatedir='${prefix}/com'
sysconfdir='${prefix}/etc'
target_alias=''

## ----------- ##
## confdefs.h. ##
## ----------- ##

/* confdefs.h */
#define PACKAGE_NAME "RandomFields"
#define PACKAGE_TARNAME "randomfields"
#define PACKAGE_VERSION "3.5"
#define PACKAGE_STRING "RandomFields 3.5"
#define PACKAGE_BUGREPORT ""
#define PACKAGE_URL ""

configure: exit 0
